<?xml version="1.0" encoding="utf-8"?><testsuites name="pytest tests"><testsuite name="pytest" errors="0" failures="0" skipped="0" tests="8" time="1.529" timestamp="2026-04-17T10:52:54.009503+00:00" hostname="agent-env-95597089-c46b-4850-b93a-74f25d6e7849"><testcase classname="backend.tests.test_conv_delete.TestDeleteConversation" name="test_conversations_visible_before_delete" time="1.009" /><testcase classname="backend.tests.test_conv_delete.TestDeleteConversation" name="test_delete_conversation_by_studio" time="0.101" /><testcase classname="backend.tests.test_conv_delete.TestDeleteConversation" name="test_after_delete_studio_conv_gone" time="0.050" /><testcase classname="backend.tests.test_conv_delete.TestDeleteConversation" name="test_after_delete_customer_still_sees_conv" time="0.054" /><testcase classname="backend.tests.test_conv_delete.TestDeleteConversation" name="test_system_message_appears_in_messages" time="0.050" /><testcase classname="backend.tests.test_conv_delete.TestDeleteConversation" name="test_conversation_deleted_by_set" time="0.051" /><testcase classname="backend.tests.test_conv_delete.TestDeleteConversation" name="test_second_party_also_deletes" time="0.099" /><testcase classname="backend.tests.test_conv_delete.TestDeleteConversation" name="test_restore_conversation_for_ui_testing" time="0.046" /></testsuite></testsuites>