<?xml version="1.0" encoding="utf-8"?><testsuites name="pytest tests"><testsuite name="pytest" errors="0" failures="0" skipped="0" tests="7" time="2.706" timestamp="2026-05-06T18:06:02.049102+00:00" hostname="agent-env-95597089-c46b-4850-b93a-74f25d6e7849"><testcase classname="backend.tests.test_video_consultation.TestAvailableDates" name="test_available_dates_video_consultation" time="0.176" /><testcase classname="backend.tests.test_video_consultation.TestAvailableDates" name="test_available_dates_no_slot_type" time="0.166" /><testcase classname="backend.tests.test_video_consultation.TestCustomerDashboard" name="test_customer_dashboard_stats" time="0.466" /><testcase classname="backend.tests.test_video_consultation.TestCustomerDashboard" name="test_upcoming_includes_video_consultation" time="0.460" /><testcase classname="backend.tests.test_video_consultation.TestStudioDashboard" name="test_admin_can_see_studio_bookings" time="0.429" /><testcase classname="backend.tests.test_video_consultation.TestStudioDashboard" name="test_specific_booking_exists" time="0.493" /><testcase classname="backend.tests.test_video_consultation.TestSlotsEndpoint" name="test_slots_video_consultation_uses_all_slots" time="0.444" /></testsuite></testsuites>