<?xml version="1.0" encoding="utf-8"?><testsuites name="pytest tests"><testsuite name="pytest" errors="0" failures="2" skipped="1" tests="4" time="3.809" timestamp="2026-04-14T12:49:29.868892+00:00" hostname="agent-env-95597089-c46b-4850-b93a-74f25d6e7849"><testcase classname="backend.tests.test_iteration8" name="test_get_available_slot" time="1.100" /><testcase classname="backend.tests.test_iteration8" name="test_create_and_cancel_booking_as_studio" time="2.496"><skipped type="pytest.skip" message="No available slots found">/app/backend/tests/test_iteration8.py:63: No available slots found</skipped></testcase><testcase classname="backend.tests.test_iteration8" name="test_send_message_with_image" time="0.058"><failure message="assert 404 == 200&#10; +  where 404 = &lt;Response [404]&gt;.status_code">backend/tests/test_iteration8.py:89: in test_send_message_with_image
    assert r.status_code == 200
E   assert 404 == 200
E    +  where 404 = &lt;Response [404]&gt;.status_code</failure></testcase><testcase classname="backend.tests.test_iteration8" name="test_customer_dashboard_loads" time="0.063"><failure message="AssertionError: No cancelled-by-studio bookings found for banner test&#10;assert 0 &gt; 0&#10; +  where 0 = len([])">backend/tests/test_iteration8.py:130: in test_customer_dashboard_loads
    assert len(cancelled_by_studio) &gt; 0, "No cancelled-by-studio bookings found for banner test"
E   AssertionError: No cancelled-by-studio bookings found for banner test
E   assert 0 &gt; 0
E    +  where 0 = len([])</failure></testcase></testsuite></testsuites>