<?xml version="1.0" encoding="utf-8"?><testsuites name="pytest tests"><testsuite name="pytest" errors="0" failures="0" skipped="0" tests="11" time="1.615" timestamp="2026-04-14T12:23:34.938521+00:00" hostname="agent-env-95597089-c46b-4850-b93a-74f25d6e7849"><testcase classname="backend.tests.test_iteration7" name="test_vapid_public_key" time="0.133" /><testcase classname="backend.tests.test_iteration7" name="test_push_subscribe" time="0.399" /><testcase classname="backend.tests.test_iteration7" name="test_typing_post" time="0.055" /><testcase classname="backend.tests.test_iteration7" name="test_typing_status_get" time="0.426" /><testcase classname="backend.tests.test_iteration7" name="test_typing_indicator_true" time="0.108" /><testcase classname="backend.tests.test_iteration7" name="test_get_conversations_customer" time="0.059" /><testcase classname="backend.tests.test_iteration7" name="test_get_conversations_studio" time="0.052" /><testcase classname="backend.tests.test_iteration7" name="test_send_message_customer_to_studio" time="0.056" /><testcase classname="backend.tests.test_iteration7" name="test_get_messages_customer" time="0.052" /><testcase classname="backend.tests.test_iteration7" name="test_studio_can_see_customer_message" time="0.051" /><testcase classname="backend.tests.test_iteration7" name="test_no_auth_redirect_on_401" time="0.150" /></testsuite></testsuites>