<?xml version="1.0" encoding="utf-8"?><testsuites name="pytest tests"><testsuite name="pytest" errors="0" failures="4" skipped="0" tests="10" time="2.904" timestamp="2026-04-14T07:06:20.821731+00:00" hostname="agent-env-95597089-c46b-4850-b93a-74f25d6e7849"><testcase classname="backend.tests.test_messages_features.TestMessages" name="test_get_conversations_unauthenticated" time="0.308" /><testcase classname="backend.tests.test_messages_features.TestMessages" name="test_get_conversations_authenticated" time="0.595" /><testcase classname="backend.tests.test_messages_features.TestMessages" name="test_get_messages_with_other_user" time="0.137" /><testcase classname="backend.tests.test_messages_features.TestMessages" name="test_send_message" time="0.136"><failure message="assert 500 == 200&#10; +  where 500 = &lt;Response [500]&gt;.status_code">backend/tests/test_messages_features.py:46: in test_send_message
    assert r.status_code == 200
E   assert 500 == 200
E    +  where 500 = &lt;Response [500]&gt;.status_code</failure></testcase><testcase classname="backend.tests.test_messages_features.TestMessages" name="test_conversations_enriched_after_send" time="0.108"><failure message="assert 0 &gt;= 1&#10; +  where 0 = len([])">backend/tests/test_messages_features.py:58: in test_conversations_enriched_after_send
    assert len(data) &gt;= 1
E   assert 0 &gt;= 1
E    +  where 0 = len([])</failure></testcase><testcase classname="backend.tests.test_messages_features.TestMessages" name="test_send_message_studio_owner" time="0.634"><failure message="assert 422 == 200&#10; +  where 422 = &lt;Response [422]&gt;.status_code">backend/tests/test_messages_features.py:76: in test_send_message_studio_owner
    assert r.status_code == 200
E   assert 422 == 200
E    +  where 422 = &lt;Response [422]&gt;.status_code</failure></testcase><testcase classname="backend.tests.test_messages_features.TestStudioProfile" name="test_studio_owner_can_get_own_studio" time="0.185" /><testcase classname="backend.tests.test_messages_features.TestStudioProfile" name="test_update_studio_profile" time="0.358" /><testcase classname="backend.tests.test_messages_features.TestBookingWithReferenceImage" name="test_create_booking_with_reference_image" time="0.241"><failure message="AssertionError: assert None == 'https://example.com/test-ref.jpg'&#10; +  where None = &lt;built-in method get of dict object at 0xff51b9598bc0&gt;('reference_image_url')&#10; +    where &lt;built-in method get of dict object at 0xff51b9598bc0&gt; = {'booking_id': 'book_5185191fd393', 'booking_type': 'tattoo', 'created_at': '2026-04-14T07:06:23.588667+00:00', 'date': '2026-04-14', ...}.get">backend/tests/test_messages_features.py:134: in test_create_booking_with_reference_image
    assert data.get("reference_image_url") == "https://example.com/test-ref.jpg"
E   AssertionError: assert None == 'https://example.com/test-ref.jpg'
E    +  where None = &lt;built-in method get of dict object at 0xff51b9598bc0&gt;('reference_image_url')
E    +    where &lt;built-in method get of dict object at 0xff51b9598bc0&gt; = {'booking_id': 'book_5185191fd393', 'booking_type': 'tattoo', 'created_at': '2026-04-14T07:06:23.588667+00:00', 'date': '2026-04-14', ...}.get</failure></testcase><testcase classname="backend.tests.test_messages_features.TestManifest" name="test_manifest_accessible" time="0.101" /></testsuite></testsuites>