<?xml version="1.0" encoding="utf-8"?><testsuites name="pytest tests"><testsuite name="pytest" errors="0" failures="0" skipped="0" tests="16" time="6.141" timestamp="2026-04-27T20:28:42.320697+00:00" hostname="agent-env-95597089-c46b-4850-b93a-74f25d6e7849"><testcase classname="backend.tests.test_new_features.TestFAQ" name="test_faq_public_no_role" time="0.137" /><testcase classname="backend.tests.test_new_features.TestFAQ" name="test_faq_public_customer_role" time="0.106" /><testcase classname="backend.tests.test_new_features.TestFAQ" name="test_faq_public_studio_role" time="0.143" /><testcase classname="backend.tests.test_new_features.TestFAQ" name="test_admin_faq_create_customer" time="0.441" /><testcase classname="backend.tests.test_new_features.TestFAQ" name="test_admin_faq_create_studio" time="0.449" /><testcase classname="backend.tests.test_new_features.TestAnnouncements" name="test_get_active_announcement" time="0.108" /><testcase classname="backend.tests.test_new_features.TestAnnouncements" name="test_admin_create_announcement" time="0.599" /><testcase classname="backend.tests.test_new_features.TestBroadcast" name="test_admin_broadcast" time="0.445" /><testcase classname="backend.tests.test_new_features.TestBroadcast" name="test_customer_messages_has_inkbook_news" time="0.413" /><testcase classname="backend.tests.test_new_features.TestBroadcast" name="test_inkbook_news_messages" time="0.418" /><testcase classname="backend.tests.test_new_features.TestSupportTickets" name="test_create_ticket" time="0.389" /><testcase classname="backend.tests.test_new_features.TestSupportTickets" name="test_get_my_tickets" time="0.383" /><testcase classname="backend.tests.test_new_features.TestSupportTickets" name="test_admin_get_support_tickets" time="0.405" /><testcase classname="backend.tests.test_new_features.TestSupportTickets" name="test_admin_reply_ticket" time="0.816" /><testcase classname="backend.tests.test_new_features.TestSupportTickets" name="test_admin_get_direct_chats" time="0.403" /><testcase classname="backend.tests.test_new_features.TestSupportTickets" name="test_direct_chat_non_pro" time="0.395" /></testsuite></testsuites>