<?xml version="1.0" encoding="utf-8"?><testsuites name="pytest tests"><testsuite name="pytest" errors="0" failures="1" skipped="0" tests="5" time="1.182" timestamp="2026-05-18T07:28:17.804346+00:00" hostname="agent-env-95597089-c46b-4850-b93a-74f25d6e7849"><testcase classname="backend.tests.test_review_reports.TestSubmitReport" name="test_submit_review_report" time="0.463" /><testcase classname="backend.tests.test_review_reports.TestSubmitReport" name="test_report_unauthenticated_fails" time="0.101" /><testcase classname="backend.tests.test_review_reports.TestAdminReports" name="test_get_reports" time="0.375" /><testcase classname="backend.tests.test_review_reports.TestAdminReports" name="test_delete_review_from_report" time="0.050"><failure message="AssertionError: Create review: {&quot;detail&quot;:&quot;Already reviewed this studio&quot;}&#10;assert 400 in [200, 201]&#10; +  where 400 = &lt;Response [400]&gt;.status_code">backend/tests/test_review_reports.py:85: in test_delete_review_from_report
    assert rv.status_code in [200, 201], f"Create review: {rv.text}"
E   AssertionError: Create review: {"detail":"Already reviewed this studio"}
E   assert 400 in [200, 201]
E    +  where 400 = &lt;Response [400]&gt;.status_code</failure></testcase><testcase classname="backend.tests.test_review_reports.TestAdminReports" name="test_admin_reports_unauthorized" time="0.106" /></testsuite></testsuites>