<?xml version="1.0" encoding="utf-8"?><testsuites name="pytest tests"><testsuite name="pytest" errors="0" failures="0" skipped="0" tests="13" time="2.407" timestamp="2026-04-14T07:28:55.881609+00:00" hostname="agent-env-95597089-c46b-4850-b93a-74f25d6e7849"><testcase classname="backend.tests.test_iteration3.TestSubscriptionPlans" name="test_plans_returns_200" time="0.209" /><testcase classname="backend.tests.test_iteration3.TestSubscriptionPlans" name="test_plans_has_basic_and_pro" time="0.110" /><testcase classname="backend.tests.test_iteration3.TestSubscriptionPlans" name="test_basic_plan_price_29" time="0.108" /><testcase classname="backend.tests.test_iteration3.TestSubscriptionPlans" name="test_pro_plan_price_79" time="0.106" /><testcase classname="backend.tests.test_iteration3.TestSubscriptionStatus" name="test_status_requires_auth" time="0.110" /><testcase classname="backend.tests.test_iteration3.TestSubscriptionStatus" name="test_status_authenticated" time="0.415" /><testcase classname="backend.tests.test_iteration3.TestSubscriptionStatus" name="test_checkout_requires_auth" time="0.110" /><testcase classname="backend.tests.test_iteration3.TestSubscriptionStatus" name="test_checkout_creates_url" time="0.049" /><testcase classname="backend.tests.test_iteration3.TestArtists" name="test_get_artists_public" time="0.112" /><testcase classname="backend.tests.test_iteration3.TestArtists" name="test_create_artist_requires_auth" time="0.198" /><testcase classname="backend.tests.test_iteration3.TestArtists" name="test_create_and_delete_artist" time="0.326" /><testcase classname="backend.tests.test_iteration3.TestReschedule" name="test_reschedule_requires_auth" time="0.110" /><testcase classname="backend.tests.test_iteration3.TestReschedule" name="test_reschedule_invalid_booking" time="0.369" /></testsuite></testsuites>