<?xml version="1.0" encoding="utf-8"?><testsuites name="pytest tests"><testsuite name="pytest" errors="0" failures="0" skipped="3" tests="7" time="2.093" timestamp="2026-04-17T09:08:51.947325+00:00" hostname="agent-env-95597089-c46b-4850-b93a-74f25d6e7849"><testcase classname="backend.tests.test_slot_features.TestSlotOfferMessage" name="test_studio_login" time="0.402" /><testcase classname="backend.tests.test_slot_features.TestSlotOfferMessage" name="test_customer_login" time="0.388" /><testcase classname="backend.tests.test_slot_features.TestSlotOfferMessage" name="test_get_studio_slots" time="0.403" /><testcase classname="backend.tests.test_slot_features.TestSlotOfferMessage" name="test_send_slot_offer_message_new_slot" time="0.832" /><testcase classname="backend.tests.test_slot_features.TestSlotOfferMessage" name="test_book_slot_from_chat" time="0.000"><skipped type="pytest.skip" message="No message_id from previous test">/app/backend/tests/test_slot_features.py:104: No message_id from previous test</skipped></testcase><testcase classname="backend.tests.test_slot_features.TestSlotOfferMessage" name="test_message_slot_status_after_booking" time="0.000"><skipped type="pytest.skip" message="No message_id from previous test">/app/backend/tests/test_slot_features.py:126: No message_id from previous test</skipped></testcase><testcase classname="backend.tests.test_slot_features.TestSlotOfferMessage" name="test_double_booking_prevented" time="0.000"><skipped type="pytest.skip" message="No message_id from previous test">/app/backend/tests/test_slot_features.py:146: No message_id from previous test</skipped></testcase></testsuite></testsuites>