<?xml version="1.0" encoding="utf-8"?><testsuites name="pytest tests"><testsuite name="pytest" errors="0" failures="0" skipped="0" tests="12" time="3.120" timestamp="2026-04-14T10:35:39.657490+00:00" hostname="agent-env-95597089-c46b-4850-b93a-74f25d6e7849"><testcase classname="backend.tests.test_iteration5.TestAuth" name="test_register_customer" time="0.430" /><testcase classname="backend.tests.test_iteration5.TestAuth" name="test_register_studio_owner" time="0.278" /><testcase classname="backend.tests.test_iteration5.TestAuth" name="test_login_customer" time="0.652" /><testcase classname="backend.tests.test_iteration5.TestAuth" name="test_login_studio_owner" time="0.682" /><testcase classname="backend.tests.test_iteration5.TestMessages" name="test_get_conversations_returns_other_name" time="0.048" /><testcase classname="backend.tests.test_iteration5.TestMessages" name="test_send_message_saves_sender_name" time="0.133" /><testcase classname="backend.tests.test_iteration5.TestMessages" name="test_conversations_has_studio_name_for_studio_owner" time="0.051" /><testcase classname="backend.tests.test_iteration5.TestBookingCancel" name="test_studio_can_create_studio_and_slot" time="0.095" /><testcase classname="backend.tests.test_iteration5.TestBookingCancel" name="test_customer_can_book" time="0.070" /><testcase classname="backend.tests.test_iteration5.TestBookingCancel" name="test_studio_cancel_sets_cancelled_by" time="0.045" /><testcase classname="backend.tests.test_iteration5.TestSlotFilter" name="test_slot_filter_consultation" time="0.117" /><testcase classname="backend.tests.test_iteration5.TestAdminStats" name="test_admin_stats_returns_correct_fields" time="0.432" /></testsuite></testsuites>