<?xml version="1.0" encoding="utf-8"?><testsuites name="pytest tests"><testsuite name="pytest" errors="0" failures="0" skipped="0" tests="13" time="2.061" timestamp="2026-04-14T08:11:04.522603+00:00" hostname="agent-env-95597089-c46b-4850-b93a-74f25d6e7849"><testcase classname="backend.tests.test_iteration4.TestAdminStats" name="test_admin_stats_returns_200" time="0.479" /><testcase classname="backend.tests.test_iteration4.TestAdminStats" name="test_admin_stats_has_required_fields" time="0.054" /><testcase classname="backend.tests.test_iteration4.TestAdminStats" name="test_admin_stats_numeric_values" time="0.046" /><testcase classname="backend.tests.test_iteration4.TestAdminStats" name="test_admin_stats_requires_auth" time="0.140" /><testcase classname="backend.tests.test_iteration4.TestAdminStats" name="test_admin_stats_blocked_for_customer" time="0.370" /><testcase classname="backend.tests.test_iteration4.TestAdminStudios" name="test_list_studios" time="0.063" /><testcase classname="backend.tests.test_iteration4.TestAdminStudios" name="test_toggle_studio_status" time="0.179" /><testcase classname="backend.tests.test_iteration4.TestAdminStudios" name="test_toggle_studio_verified" time="0.182" /><testcase classname="backend.tests.test_iteration4.TestAdminUsers" name="test_list_users" time="0.087" /><testcase classname="backend.tests.test_iteration4.TestAdminUsers" name="test_users_have_required_fields" time="0.092" /><testcase classname="backend.tests.test_iteration4.TestPushNotifications" name="test_vapid_public_key" time="0.136" /><testcase classname="backend.tests.test_iteration4.TestPushNotifications" name="test_vapid_public_key_has_key" time="0.111" /><testcase classname="backend.tests.test_iteration4.TestPushNotifications" name="test_subscribe_requires_valid_data" time="0.048" /></testsuite></testsuites>