<?xml version="1.0" encoding="utf-8"?><testsuites name="pytest tests"><testsuite name="pytest" errors="0" failures="0" skipped="2" tests="13" time="2.327" timestamp="2026-04-28T19:10:20.211720+00:00" hostname="agent-env-95597089-c46b-4850-b93a-74f25d6e7849"><testcase classname="backend.tests.test_subscriptions.TestSubscriptionPlans" name="test_plans_returns_200" time="0.295" /><testcase classname="backend.tests.test_subscriptions.TestSubscriptionPlans" name="test_plans_has_4_plans" time="0.126" /><testcase classname="backend.tests.test_subscriptions.TestSubscriptionPlans" name="test_free_plan_price_is_zero" time="0.164" /><testcase classname="backend.tests.test_subscriptions.TestSubscriptionPlans" name="test_starter_plan_price" time="0.153" /><testcase classname="backend.tests.test_subscriptions.TestSubscriptionPlans" name="test_pro_plan_price" time="0.157" /><testcase classname="backend.tests.test_subscriptions.TestSubscriptionPlans" name="test_full_studio_plan_price" time="0.155" /><testcase classname="backend.tests.test_subscriptions.TestSubscriptionPlans" name="test_free_plan_limits" time="0.116" /><testcase classname="backend.tests.test_subscriptions.TestSubscriptionUsage" name="test_usage_returns_200_for_studio_owner" time="0.401" /><testcase classname="backend.tests.test_subscriptions.TestSubscriptionUsage" name="test_usage_returns_401_for_anonymous" time="0.129" /><testcase classname="backend.tests.test_subscriptions.TestSubscriptionUsage" name="test_usage_has_required_fields" time="0.058" /><testcase classname="backend.tests.test_subscriptions.TestSubscriptionUsage" name="test_usage_no_studio_for_customer" time="0.392" /><testcase classname="backend.tests.test_subscriptions.TestPlanLimits" name="test_slot_limit_uses_plan_check" time="0.050"><skipped type="pytest.skip" message="Admin has no studio">/app/backend/tests/test_subscriptions.py:128: Admin has no studio</skipped></testcase><testcase classname="backend.tests.test_subscriptions.TestPlanLimits" name="test_artist_limit_endpoint_exists" time="0.052"><skipped type="pytest.skip" message="Admin has no studio">/app/backend/tests/test_subscriptions.py:141: Admin has no studio</skipped></testcase></testsuite></testsuites>