<?xml version="1.0" encoding="utf-8"?><testsuites name="pytest tests"><testsuite name="pytest" errors="0" failures="1" skipped="0" tests="18" time="3.487" timestamp="2026-04-27T19:45:54.295982+00:00" hostname="agent-env-95597089-c46b-4850-b93a-74f25d6e7849"><testcase classname="backend.tests.test_admin_panel.TestAdminStats" name="test_stats_basic" time="0.537" /><testcase classname="backend.tests.test_admin_panel.TestAdminStats" name="test_stats_enhanced" time="0.062" /><testcase classname="backend.tests.test_admin_panel.TestAdminStudios" name="test_list_studios" time="0.542" /><testcase classname="backend.tests.test_admin_panel.TestAdminStudios" name="test_toggle_studio_status" time="0.652" /><testcase classname="backend.tests.test_admin_panel.TestAdminStudios" name="test_toggle_studio_verified" time="0.641" /><testcase classname="backend.tests.test_admin_panel.TestAdminUsers" name="test_list_users" time="0.047" /><testcase classname="backend.tests.test_admin_panel.TestAdminUsers" name="test_user_details" time="0.102" /><testcase classname="backend.tests.test_admin_panel.TestAdminBookings" name="test_all_bookings" time="0.072" /><testcase classname="backend.tests.test_admin_panel.TestAdminSubscriptions" name="test_list_subscriptions" time="0.046" /><testcase classname="backend.tests.test_admin_panel.TestAdminRevenue" name="test_revenue" time="0.056" /><testcase classname="backend.tests.test_admin_panel.TestAdminReviews" name="test_list_reviews" time="0.055" /><testcase classname="backend.tests.test_admin_panel.TestAdminFAQ" name="test_list_faq" time="0.047" /><testcase classname="backend.tests.test_admin_panel.TestAdminFAQ" name="test_create_faq" time="0.107" /><testcase classname="backend.tests.test_admin_panel.TestAdminAnnouncements" name="test_list_announcements" time="0.050" /><testcase classname="backend.tests.test_admin_panel.TestAdminAnnouncements" name="test_create_announcement" time="0.048"><failure message="assert 422 in [200, 201]&#10; +  where 422 = &lt;Response [422]&gt;.status_code">backend/tests/test_admin_panel.py:169: in test_create_announcement
    assert r.status_code in [200, 201]
E   assert 422 in [200, 201]
E    +  where 422 = &lt;Response [422]&gt;.status_code</failure></testcase><testcase classname="backend.tests.test_admin_panel.TestAdminNewsletter" name="test_subscriber_count" time="0.221" /><testcase classname="backend.tests.test_admin_panel.TestAdminSupportTickets" name="test_list_tickets" time="0.049" /><testcase classname="backend.tests.test_admin_panel.TestAdminReports" name="test_list_reports" time="0.051" /></testsuite></testsuites>