<?xml version="1.0" encoding="utf-8"?><testsuites name="pytest tests"><testsuite name="pytest" errors="0" failures="0" skipped="1" tests="5" time="2.033" timestamp="2026-04-27T22:44:29.225907+00:00" hostname="agent-env-95597089-c46b-4850-b93a-74f25d6e7849"><testcase classname="backend.tests.test_video_features.TestVideoEndpoints" name="test_video_join_customer" time="0.475" /><testcase classname="backend.tests.test_video_features.TestVideoEndpoints" name="test_video_status_after_join" time="0.498" /><testcase classname="backend.tests.test_video_features.TestVideoEndpoints" name="test_video_leave_removes_participant" time="0.477" /><testcase classname="backend.tests.test_video_features.TestVideoEndpoints" name="test_video_join_non_video_booking_fails" time="0.388"><skipped type="pytest.skip" message="No non-video booking available">/app/backend/tests/test_video_features.py:71: No non-video booking available</skipped></testcase><testcase classname="backend.tests.test_video_features.TestVideoEndpoints" name="test_video_status_unauthenticated" time="0.115" /></testsuite></testsuites>