<?xml version="1.0" encoding="utf-8"?><testsuites name="pytest tests"><testsuite name="pytest" errors="0" failures="0" skipped="0" tests="17" time="3.848" timestamp="2026-04-13T13:23:54.786242+00:00" hostname="agent-env-95597089-c46b-4850-b93a-74f25d6e7849"><testcase classname="backend.tests.test_inkbook.TestAuth" name="test_register_customer" time="0.518" /><testcase classname="backend.tests.test_inkbook.TestAuth" name="test_register_studio_owner" time="0.394" /><testcase classname="backend.tests.test_inkbook.TestAuth" name="test_login_customer" time="0.353" /><testcase classname="backend.tests.test_inkbook.TestAuth" name="test_login_invalid_credentials" time="0.328" /><testcase classname="backend.tests.test_inkbook.TestAuth" name="test_get_me" time="0.379" /><testcase classname="backend.tests.test_inkbook.TestAuth" name="test_logout" time="0.416" /><testcase classname="backend.tests.test_inkbook.TestStudios" name="test_list_studios" time="0.145" /><testcase classname="backend.tests.test_inkbook.TestStudios" name="test_get_studio_demo001" time="0.140" /><testcase classname="backend.tests.test_inkbook.TestStudios" name="test_get_studio_slots" time="0.121" /><testcase classname="backend.tests.test_inkbook.TestStudios" name="test_search_studios_by_city" time="0.139" /><testcase classname="backend.tests.test_inkbook.TestStudios" name="test_search_studios_by_style" time="0.121" /><testcase classname="backend.tests.test_inkbook.TestBookings" name="test_get_bookings_unauthenticated" time="0.102" /><testcase classname="backend.tests.test_inkbook.TestBookings" name="test_get_bookings_authenticated" time="0.052" /><testcase classname="backend.tests.test_inkbook.TestBookings" name="test_create_booking" time="0.175" /><testcase classname="backend.tests.test_inkbook.TestDashboard" name="test_dashboard_stats_customer" time="0.048" /><testcase classname="backend.tests.test_inkbook.TestDashboard" name="test_dashboard_stats_unauthenticated" time="0.150" /><testcase classname="backend.tests.test_inkbook.TestReviews" name="test_get_reviews_for_studio" time="0.110" /></testsuite></testsuites>