<?xml version="1.0" encoding="utf-8"?><testsuites name="pytest tests"><testsuite name="pytest" errors="0" failures="0" skipped="1" tests="9" time="8.837" timestamp="2026-04-14T11:19:57.065852+00:00" hostname="agent-env-95597089-c46b-4850-b93a-74f25d6e7849"><testcase classname="backend.tests.test_iteration6.TestRegistration" name="test_register_customer" time="0.393" /><testcase classname="backend.tests.test_iteration6.TestRegistration" name="test_register_studio_owner" time="0.333" /><testcase classname="backend.tests.test_iteration6.TestTypingAPI" name="test_post_typing_returns_ok" time="2.153" /><testcase classname="backend.tests.test_iteration6.TestTypingAPI" name="test_get_typing_status_false_when_not_typing" time="0.094" /><testcase classname="backend.tests.test_iteration6.TestTypingAPI" name="test_get_typing_status_true_after_post" time="0.190" /><testcase classname="backend.tests.test_iteration6.TestTypingAPI" name="test_typing_expires_after_4s" time="5.186" /><testcase classname="backend.tests.test_iteration6.TestUnreadCount" name="test_unread_count_for_new_user" time="0.047" /><testcase classname="backend.tests.test_iteration6.TestReviewAPI" name="test_review_requires_auth" time="0.178" /><testcase classname="backend.tests.test_iteration6.TestReviewAPI" name="test_review_duplicate_booking_blocked" time="0.191"><skipped type="pytest.skip" message="Unexpected status: 422 {&quot;detail&quot;:[{&quot;type&quot;:&quot;missing&quot;,&quot;loc&quot;:[&quot;body&quot;,&quot;studio_id&quot;],&quot;msg&quot;:&quot;Field required&quot;,&quot;input&quot;:{&quot;rating&quot;:4,&quot;comment&quot;:&quot;Great!&quot;,&quot;booking_id&quot;:&quot;bk_test6_1776165605&quot;},&quot;url&quot;:&quot;https://errors.pydantic.dev/2.12/v/missing&quot;}]}">/app/backend/tests/test_iteration6.py:176: Unexpected status: 422 {"detail":[{"type":"missing","loc":["body","studio_id"],"msg":"Field required","input":{"rating":4,"comment":"Great!","booking_id":"bk_test6_1776165605"},"url":"https://errors.pydantic.dev/2.12/v/missing"}]}</skipped></testcase></testsuite></testsuites>